<?xml version="1.0" encoding="UTF-8"?>
<!-- Generated by org.testng.reporters.JUnitReportReporter -->
<testsuite name="com.actitime.test.CreateCustomer" tests="1" time="45.523" ignored="0" failures="0" timestamp="22 Jul 2020 10:58:33 GMT" skipped="0" hostname="DESKTOP-EM8SP10" errors="0">
  <testcase name="testCreateCustomer" time="45.523" classname="com.actitime.test.CreateCustomer"/>
</testsuite> <!-- com.actitime.test.CreateCustomer -->
